<?xml version="1.0" encoding="UTF-8"?>
<!-- Generated by org.testng.reporters.JUnitReportReporter -->
<testsuite skipped="0" hostname="DESKTOP-A6IAM49" name="test.Login_TechFios" tests="2" failures="0" timestamp="23 Nov 2019 18:55:15 GMT" time="9.683" errors="0">
  <testcase name="userShouldBeAbleToLogin" time="7.915" classname="test.Login_TechFios"/>
  <testcase name="InvalidLogin" time="1.768" classname="test.Login_TechFios"/>
</testsuite> <!-- test.Login_TechFios -->
